app/manifest-merger-release-report.txt
-- Merging decision tree log ---
manifest
ADDED from AndroidManifest.xml:2:1
	package
		ADDED from AndroidManifest.xml:3:5
		INJECTED from AndroidManifest.xml:0:0
		INJECTED from AndroidManifest.xml:0:0
	android:versionName
		INJECTED from AndroidManifest.xml:0:0
		INJECTED from AndroidManifest.xml:0:0
	xmlns:android
		ADDED from AndroidManifest.xml:2:11
	android:versionCode
		INJECTED from AndroidManifest.xml:0:0
		INJECTED from AndroidManifest.xml:0:0
	android:installLocation
		ADDED from AndroidManifest.xml:4:5
uses-permission#android.permission.WRITE_EXTERNAL_STORAGE
ADDED from AndroidManifest.xml:7:5
	android:name
		ADDED from AndroidManifest.xml:7:22
uses-permission#android.permission.INTERNET
ADDED from AndroidManifest.xml:10:5
	android:name
		ADDED from AndroidManifest.xml:10:22
uses-permission#android.permission.ACCESS_NETWORK_STATE
ADDED from AndroidManifest.xml:11:5
	android:name
		ADDED from AndroidManifest.xml:11:22
uses-permission#android.permission.VIBRATE
ADDED from AndroidManifest.xml:12:5
MERGED from com.embarkmobile:zxing-android-minimal:2.0.0:20:3
MERGED from com.embarkmobile:zxing-android-legacy:2.0.0:20:3
	android:name
		ADDED from AndroidManifest.xml:12:22
uses-permission#android.permission.WAKE_LOCK
ADDED from AndroidManifest.xml:13:5
	android:name
		ADDED from AndroidManifest.xml:13:22
uses-permission#android.permission.GET_ACCOUNTS
ADDED from AndroidManifest.xml:14:5
	android:name
		ADDED from AndroidManifest.xml:14:22
uses-permission#com.google.android.c2dm.permission.RECEIVE
ADDED from AndroidManifest.xml:15:5
	android:name
		ADDED from AndroidManifest.xml:15:22
permission#com.radioline.master.rlprice.permission.C2D_MESSAGE
ADDED from AndroidManifest.xml:17:5
	android:protectionLevel
		ADDED from AndroidManifest.xml:19:9
	android:name
		ADDED from AndroidManifest.xml:18:9
uses-permission#com.radioline.master.rlprice.permission.C2D_MESSAGE
ADDED from AndroidManifest.xml:20:5
	android:name
		ADDED from AndroidManifest.xml:20:22
application
ADDED from AndroidManifest.xml:23:5
MERGED from com.embarkmobile:zxing-android-minimal:2.0.0:44:3
MERGED from com.embarkmobile:zxing-android-legacy:2.0.0:43:3
MERGED from com.embarkmobile:zxing-android-integration:2.0.0:4:5
MERGED from com.badoo.mobile:android-weak-handler:1.0:12:5
MERGED from com.google.android.gms:play-services-identity:7.3.0:19:5
MERGED from com.google.android.gms:play-services-base:7.3.0:20:5
MERGED from com.android.support:support-v4:22.0.0:22:5
MERGED from com.google.android.gms:play-services-gcm:7.3.0:19:5
MERGED from com.google.android.gms:play-services-base:7.3.0:20:5
MERGED from com.android.support:support-v4:22.0.0:22:5
	android:label
		ADDED from AndroidManifest.xml:27:9
	android:allowBackup
		ADDED from AndroidManifest.xml:25:9
	android:icon
		ADDED from AndroidManifest.xml:26:9
	android:theme
		ADDED from AndroidManifest.xml:28:9
	android:name
		ADDED from AndroidManifest.xml:24:9
activity#com.radioline.master.myapplication.FirstGroupActivity
ADDED from AndroidManifest.xml:29:9
	android:label
		ADDED from AndroidManifest.xml:32:13
	android:name
		ADDED from AndroidManifest.xml:30:13
meta-data#android.support.PARENT_ACTIVITY
ADDED from AndroidManifest.xml:33:13
	android:value
		ADDED from AndroidManifest.xml:35:17
	android:name
		ADDED from AndroidManifest.xml:34:17
activity#com.radioline.master.myapplication.SecondGroupActivity
ADDED from AndroidManifest.xml:37:9
	android:label
		ADDED from AndroidManifest.xml:39:13
	android:parentActivityName
		ADDED from AndroidManifest.xml:40:13
	android:name
		ADDED from AndroidManifest.xml:38:13
activity#com.radioline.master.myapplication.ItemActivity
ADDED from AndroidManifest.xml:45:9
	android:label
		ADDED from AndroidManifest.xml:47:13
	android:parentActivityName
		ADDED from AndroidManifest.xml:48:13
	android:name
		ADDED from AndroidManifest.xml:46:13
activity#com.radioline.master.myapplication.PicActivity
ADDED from AndroidManifest.xml:53:9
	android:label
		ADDED from AndroidManifest.xml:55:13
	android:parentActivityName
		ADDED from AndroidManifest.xml:56:13
	android:name
		ADDED from AndroidManifest.xml:54:13
activity#com.radioline.master.myapplication.ScanActivity
ADDED from AndroidManifest.xml:61:9
	android:label
		ADDED from AndroidManifest.xml:64:13
	android:icon
		ADDED from AndroidManifest.xml:63:13
	android:name
		ADDED from AndroidManifest.xml:62:13
activity#com.radioline.master.myapplication.BasketActivity
ADDED from AndroidManifest.xml:65:9
	android:label
		ADDED from AndroidManifest.xml:67:13
	android:name
		ADDED from AndroidManifest.xml:66:13
activity#com.radioline.master.myapplication.DispatchActivity
ADDED from AndroidManifest.xml:68:9
	android:label
		ADDED from AndroidManifest.xml:71:13
	android:parentActivityName
		ADDED from AndroidManifest.xml:72:13
	android:icon
		ADDED from AndroidManifest.xml:70:13
	android:name
		ADDED from AndroidManifest.xml:69:13
activity#com.radioline.master.myapplication.SearchActivity
ADDED from AndroidManifest.xml:77:9
	android:label
		ADDED from AndroidManifest.xml:80:13
	android:icon
		ADDED from AndroidManifest.xml:79:13
	android:name
		ADDED from AndroidManifest.xml:78:13
activity#com.radioline.master.myapplication.LoginActivity
ADDED from AndroidManifest.xml:81:9
	android:label
		ADDED from AndroidManifest.xml:83:13
	android:name
		ADDED from AndroidManifest.xml:82:13
intent-filter#android.intent.action.MAIN+android.intent.category.LAUNCHER
ADDED from AndroidManifest.xml:84:13
action#android.intent.action.MAIN
ADDED from AndroidManifest.xml:85:17
	android:name
		ADDED from AndroidManifest.xml:85:25
category#android.intent.category.LAUNCHER
ADDED from AndroidManifest.xml:87:17
	android:name
		ADDED from AndroidManifest.xml:87:27
service#com.parse.PushService
ADDED from AndroidManifest.xml:91:9
	android:name
		ADDED from AndroidManifest.xml:91:18
receiver#com.parse.ParseBroadcastReceiver
ADDED from AndroidManifest.xml:92:9
	android:name
		ADDED from AndroidManifest.xml:92:19
intent-filter#android.intent.action.BOOT_COMPLETED+android.intent.action.USER_PRESENT
ADDED from AndroidManifest.xml:93:13
action#android.intent.action.BOOT_COMPLETED
ADDED from AndroidManifest.xml:94:17
	android:name
		ADDED from AndroidManifest.xml:94:25
action#android.intent.action.USER_PRESENT
ADDED from AndroidManifest.xml:95:17
	android:name
		ADDED from AndroidManifest.xml:95:25
receiver#com.parse.GcmBroadcastReceiver
ADDED from AndroidManifest.xml:99:9
	android:permission
		ADDED from AndroidManifest.xml:101:13
	android:name
		ADDED from AndroidManifest.xml:100:13
intent-filter#com.google.android.c2dm.intent.RECEIVE+com.google.android.c2dm.intent.REGISTRATION+com.radioline.master.rlprice
ADDED from AndroidManifest.xml:102:13
action#com.google.android.c2dm.intent.RECEIVE
ADDED from AndroidManifest.xml:103:17
	android:name
		ADDED from AndroidManifest.xml:103:25
action#com.google.android.c2dm.intent.REGISTRATION
ADDED from AndroidManifest.xml:104:17
	android:name
		ADDED from AndroidManifest.xml:104:25
category#com.radioline.master.rlprice
ADDED from AndroidManifest.xml:106:17
	android:name
		ADDED from AndroidManifest.xml:106:27
receiver#com.radioline.master.basic.Receiver
ADDED from AndroidManifest.xml:111:9
	android:exported
		ADDED from AndroidManifest.xml:113:13
	android:name
		ADDED from AndroidManifest.xml:112:13
intent-filter#com.parse.push.intent.DELETE+com.parse.push.intent.OPEN+com.parse.push.intent.RECEIVE
ADDED from AndroidManifest.xml:114:13
action#com.parse.push.intent.RECEIVE
ADDED from AndroidManifest.xml:115:17
	android:name
		ADDED from AndroidManifest.xml:115:25
action#com.parse.push.intent.OPEN
ADDED from AndroidManifest.xml:116:17
	android:name
		ADDED from AndroidManifest.xml:116:25
action#com.parse.push.intent.DELETE
ADDED from AndroidManifest.xml:117:17
	android:name
		ADDED from AndroidManifest.xml:117:25
meta-data#com.parse.push.notification_icon
ADDED from AndroidManifest.xml:121:9
	android:resource
		ADDED from AndroidManifest.xml:123:13
	android:name
		ADDED from AndroidManifest.xml:122:13
uses-sdk
INJECTED from AndroidManifest.xml:0:0 reason: use-sdk injection requested
MERGED from com.embarkmobile:zxing-android-minimal:2.0.0:24:3
MERGED from com.embarkmobile:zxing-android-legacy:2.0.0:23:3
MERGED from com.embarkmobile:zxing-android-integration:2.0.0:2:5
MERGED from com.badoo.mobile:android-weak-handler:1.0:8:5
MERGED from com.google.android.gms:play-services-identity:7.3.0:18:5
MERGED from com.google.android.gms:play-services-base:7.3.0:18:5
MERGED from com.android.support:support-v4:22.0.0:20:5
MERGED from com.google.android.gms:play-services-gcm:7.3.0:18:5
MERGED from com.google.android.gms:play-services-base:7.3.0:18:5
MERGED from com.android.support:support-v4:22.0.0:20:5
	android:targetSdkVersion
		INJECTED from AndroidManifest.xml:0:0
		INJECTED from AndroidManifest.xml:0:0
	android:minSdkVersion
		INJECTED from AndroidManifest.xml:0:0
		INJECTED from AndroidManifest.xml:0:0
uses-permission#android.permission.CAMERA
ADDED from com.embarkmobile:zxing-android-minimal:2.0.0:19:3
MERGED from com.embarkmobile:zxing-android-legacy:2.0.0:19:3
	android:name
		ADDED from com.embarkmobile:zxing-android-minimal:2.0.0:19:20
uses-permission#android.permission.FLASHLIGHT
ADDED from com.embarkmobile:zxing-android-minimal:2.0.0:21:3
MERGED from com.embarkmobile:zxing-android-legacy:2.0.0:21:3
	android:name
		ADDED from com.embarkmobile:zxing-android-minimal:2.0.0:21:20
uses-feature#android.hardware.camera
ADDED from com.embarkmobile:zxing-android-minimal:2.0.0:27:3
MERGED from com.embarkmobile:zxing-android-legacy:2.0.0:26:3
	android:required
		ADDED from com.embarkmobile:zxing-android-minimal:2.0.0:27:56
	android:name
		ADDED from com.embarkmobile:zxing-android-minimal:2.0.0:27:17
uses-feature#android.hardware.camera.front
ADDED from com.embarkmobile:zxing-android-minimal:2.0.0:28:3
MERGED from com.embarkmobile:zxing-android-legacy:2.0.0:27:3
	android:required
		ADDED from com.embarkmobile:zxing-android-minimal:2.0.0:28:62
	android:name
		ADDED from com.embarkmobile:zxing-android-minimal:2.0.0:28:17
uses-feature#android.hardware.camera.autofocus
ADDED from com.embarkmobile:zxing-android-minimal:2.0.0:31:3
MERGED from com.embarkmobile:zxing-android-legacy:2.0.0:30:3
	android:required
		ADDED from com.embarkmobile:zxing-android-minimal:2.0.0:31:66
	android:name
		ADDED from com.embarkmobile:zxing-android-minimal:2.0.0:31:17
uses-feature#android.hardware.camera.flash
ADDED from com.embarkmobile:zxing-android-minimal:2.0.0:32:3
MERGED from com.embarkmobile:zxing-android-legacy:2.0.0:31:3
	android:required
		ADDED from com.embarkmobile:zxing-android-minimal:2.0.0:32:62
	android:name
		ADDED from com.embarkmobile:zxing-android-minimal:2.0.0:32:17
uses-feature#android.hardware.screen.landscape
ADDED from com.embarkmobile:zxing-android-minimal:2.0.0:33:3
MERGED from com.embarkmobile:zxing-android-legacy:2.0.0:32:3
	android:required
		ADDED from com.embarkmobile:zxing-android-minimal:2.0.0:33:66
	android:name
		ADDED from com.embarkmobile:zxing-android-minimal:2.0.0:33:17
uses-feature#android.hardware.wifi
ADDED from com.embarkmobile:zxing-android-minimal:2.0.0:34:3
MERGED from com.embarkmobile:zxing-android-legacy:2.0.0:33:3
	android:required
		ADDED from com.embarkmobile:zxing-android-minimal:2.0.0:34:54
	android:name
		ADDED from com.embarkmobile:zxing-android-minimal:2.0.0:34:17
supports-screens
ADDED from com.embarkmobile:zxing-android-minimal:2.0.0:38:3
MERGED from com.embarkmobile:zxing-android-legacy:2.0.0:37:3
	android:largeScreens
		ADDED from com.embarkmobile:zxing-android-minimal:2.0.0:39:21
	android:smallScreens
		ADDED from com.embarkmobile:zxing-android-minimal:2.0.0:41:21
	android:normalScreens
		ADDED from com.embarkmobile:zxing-android-minimal:2.0.0:40:21
	android:xlargeScreens
		ADDED from com.embarkmobile:zxing-android-minimal:2.0.0:38:21
	android:anyDensity
		ADDED from com.embarkmobile:zxing-android-minimal:2.0.0:42:21
activity#com.google.zxing.client.android.CaptureActivity
ADDED from com.embarkmobile:zxing-android-minimal:2.0.0:45:7
	android:clearTaskOnLaunch
		ADDED from com.embarkmobile:zxing-android-minimal:2.0.0:46:17
	android:screenOrientation
		ADDED from com.embarkmobile:zxing-android-minimal:2.0.0:47:17
	android:stateNotNeeded
		ADDED from com.embarkmobile:zxing-android-minimal:2.0.0:48:17
	android:windowSoftInputMode
		ADDED from com.embarkmobile:zxing-android-minimal:2.0.0:50:17
	android:theme
		ADDED from com.embarkmobile:zxing-android-minimal:2.0.0:49:17
	android:name
		ADDED from com.embarkmobile:zxing-android-minimal:2.0.0:45:17
activity#com.google.zxing.client.android.HelpActivity
ADDED from com.embarkmobile:zxing-android-minimal:2.0.0:51:7
	android:screenOrientation
		ADDED from com.embarkmobile:zxing-android-minimal:2.0.0:53:17
	android:label
		ADDED from com.embarkmobile:zxing-android-minimal:2.0.0:52:17
	android:stateNotNeeded
		ADDED from com.embarkmobile:zxing-android-minimal:2.0.0:54:17
	android:name
		ADDED from com.embarkmobile:zxing-android-minimal:2.0.0:51:17
activity#com.google.zxing.client.android.encode.EncodeActivity
ADDED from com.embarkmobile:zxing-android-minimal:2.0.0:55:7
	android:screenOrientation
		ADDED from com.embarkmobile:zxing-android-minimal:2.0.0:56:17
	android:name
		ADDED from com.embarkmobile:zxing-android-minimal:2.0.0:55:17
activity#com.google.zxing.client.androidlegacy.CaptureActivity
ADDED from com.embarkmobile:zxing-android-legacy:2.0.0:44:7
	android:clearTaskOnLaunch
		ADDED from com.embarkmobile:zxing-android-legacy:2.0.0:44:17
	android:screenOrientation
		ADDED from com.embarkmobile:zxing-android-legacy:2.0.0:44:133
	android:stateNotNeeded
		ADDED from com.embarkmobile:zxing-android-legacy:2.0.0:44:171
	android:windowSoftInputMode
		ADDED from com.embarkmobile:zxing-android-legacy:2.0.0:44:260
	android:configChanges
		ADDED from com.embarkmobile:zxing-android-legacy:2.0.0:44:50
	android:theme
		ADDED from com.embarkmobile:zxing-android-legacy:2.0.0:44:201
	android:name
		ADDED from com.embarkmobile:zxing-android-legacy:2.0.0:44:101
activity#com.google.zxing.client.androidlegacy.HelpActivity
ADDED from com.embarkmobile:zxing-android-legacy:2.0.0:45:7
	android:screenOrientation
		ADDED from com.embarkmobile:zxing-android-legacy:2.0.0:45:46
	android:name
		ADDED from com.embarkmobile:zxing-android-legacy:2.0.0:45:17
activity#com.google.zxing.client.androidlegacy.encode.EncodeActivity
ADDED from com.embarkmobile:zxing-android-legacy:2.0.0:46:7
	android:screenOrientation
		ADDED from com.embarkmobile:zxing-android-legacy:2.0.0:46:55
	android:name
		ADDED from com.embarkmobile:zxing-android-legacy:2.0.0:46:17
meta-data#com.google.android.gms.version
ADDED from com.google.android.gms:play-services-base:7.3.0:21:9
MERGED from com.google.android.gms:play-services-base:7.3.0:21:9
	android:value
		ADDED from com.google.android.gms:play-services-base:7.3.0:23:13
	android:name
		ADDED from com.google.android.gms:play-services-base:7.3.0:22:13